<?xml version="1.0" encoding="UTF-8"?>
<testng-results skipped="0" failed="0" ignored="0" total="1" passed="1">
  <reporter-output>
  </reporter-output>
  <suite name="Default suite" duration-ms="4707" started-at="2021-01-01T16:02:53Z" finished-at="2021-01-01T16:02:57Z">
    <groups>
    </groups>
    <test name="Default test" duration-ms="4707" started-at="2021-01-01T16:02:53Z" finished-at="2021-01-01T16:02:57Z">
      <class name="endPointVerification.EndPointVerification">
        <test-method status="PASS" signature="testOfResponseData()[pri:0, instance:endPointVerification.EndPointVerification@29ee9faa]" name="testOfResponseData" duration-ms="4662" started-at="2021-01-01T16:02:53Z" finished-at="2021-01-01T16:02:57Z">
          <reporter-output>
          </reporter-output>
        </test-method> <!-- testOfResponseData -->
      </class> <!-- endPointVerification.EndPointVerification -->
    </test> <!-- Default test -->
  </suite> <!-- Default suite -->
</testng-results>
